<?xml version="1.0" encoding="UTF-8"?>
<!-- Generated by org.testng.reporters.JUnitReportReporter -->
<testsuite hostname="DESKTOP-CJA0QNI" failures="0" tests="4" name="com.silverlake.test.LoginUITest" time="32.790" errors="0" timestamp="2024-07-12T09:55:09 BST" skipped="0">
  <testcase classname="com.silverlake.test.LoginUITest" name="titleTest" time="8.435"/>
  <testcase classname="com.silverlake.test.LoginUITest" name="applicationDescriptionTest" time="8.328"/>
  <testcase classname="com.silverlake.test.LoginUITest" name="titleTest" time="5.681"/>
  <testcase classname="com.silverlake.test.LoginUITest" name="applicationDescriptionTest" time="10.346"/>
</testsuite> <!-- com.silverlake.test.LoginUITest -->
