<?xml version="1.0" encoding="UTF-8"?>
<!-- Generated by org.testng.reporters.JUnitReportReporter -->
<testsuite hostname="DESKTOP-CJA0QNI" failures="0" tests="2" name="com.silverlake.test.LoginTest" time="60.669" errors="0" timestamp="2024-07-12T03:13:45 BST" skipped="0">
  <testcase classname="com.silverlake.test.LoginTest" name="invalidLoginTest" time="34.701"/>
  <testcase classname="com.silverlake.test.LoginTest" name="invalidLoginTest" time="25.968"/>
</testsuite> <!-- com.silverlake.test.LoginTest -->
