<?xml version="1.0" encoding="UTF-8"?>
<!-- Generated by org.testng.reporters.JUnitReportReporter -->
<testsuite hostname="DESKTOP-CJA0QNI" failures="0" tests="2" name="com.silverlake.test.LoginUITest" time="72.647" errors="0" timestamp="2024-07-11T07:26:19 BST" skipped="0">
  <testcase classname="com.silverlake.test.LoginUITest" name="titleTest" time="12.421"/>
  <testcase classname="com.silverlake.test.LoginUITest" name="applicationDescriptionTest" time="60.226"/>
</testsuite> <!-- com.silverlake.test.LoginUITest -->
