<?xml version="1.0" encoding="UTF-8"?>
<!-- Generated by org.testng.reporters.JUnitReportReporter -->
<testsuite hostname="DESKTOP-CJA0QNI" failures="0" tests="3" name="com.silverlake.test.ZDemo1Test" time="13.959" errors="0" timestamp="2024-07-11T08:34:59 BST" skipped="0">
  <testcase classname="com.silverlake.test.ZDemo1Test" name="demoValidTest" time="5.307"/>
  <testcase classname="com.silverlake.test.ZDemo1Test" name="demoValidTest" time="4.817"/>
  <testcase classname="com.silverlake.test.ZDemo1Test" name="demoValidTest" time="3.835"/>
</testsuite> <!-- com.silverlake.test.ZDemo1Test -->
