<?xml version="1.0" encoding="UTF-8"?>
<!-- Generated by org.testng.reporters.JUnitReportReporter -->
<testsuite hostname="DESKTOP-CJA0QNI" failures="0" tests="2" name="com.silverlake.test.LoginUITest" time="19.750" errors="0" timestamp="2024-07-12T10:05:53 BST" skipped="0">
  <testcase classname="com.silverlake.test.LoginUITest" name="titleTest" time="9.583"/>
  <testcase classname="com.silverlake.test.LoginUITest" name="applicationDescriptionTest" time="10.167"/>
</testsuite> <!-- com.silverlake.test.LoginUITest -->
